<?xml version="1.0" encoding="UTF-8"?>
<!-- Generated by org.testng.reporters.JUnitReportReporter -->
<testsuite hostname="DESKTOP-3RM6M1V" failures="0" tests="3" name="com.qa.opencart.test.RegistrationPageTest" time="12.980" errors="0" timestamp="20 Jul 2023 09:41:59 GMT" skipped="0">
  <testcase classname="com.qa.opencart.test.RegistrationPageTest" name="userRegTest" time="4.026"/>
  <testcase classname="com.qa.opencart.test.RegistrationPageTest" name="userRegTest" time="4.118"/>
  <testcase classname="com.qa.opencart.test.RegistrationPageTest" name="userRegTest" time="4.836"/>
</testsuite> <!-- com.qa.opencart.test.RegistrationPageTest -->
